[2016-11-24 11:30:46,445][INFO ][node                     ] [Domina] version[2.4.1], pid[5000], build[c67dc32/2016-09-27T18:57:55Z]
[2016-11-24 11:30:46,450][INFO ][node                     ] [Domina] initializing ...
[2016-11-24 11:30:48,262][INFO ][plugins                  ] [Domina] modules [reindex, lang-expression, lang-groovy], plugins [], sites []
[2016-11-24 11:30:48,369][INFO ][env                      ] [Domina] using [1] data paths, mounts [[/ (/dev/disk1)]], net usable_space [15.3gb], net total_space [111.8gb], spins? [unknown], types [hfs]
[2016-11-24 11:30:48,369][INFO ][env                      ] [Domina] heap size [990.7mb], compressed ordinary object pointers [true]
[2016-11-24 11:30:48,370][WARN ][env                      ] [Domina] max file descriptors [10240] for elasticsearch process likely too low, consider increasing to at least [65536]
[2016-11-24 11:30:54,770][INFO ][node                     ] [Domina] initialized
[2016-11-24 11:30:54,771][INFO ][node                     ] [Domina] starting ...
[2016-11-24 11:30:55,047][INFO ][transport                ] [Domina] publish_address {127.0.0.1:9300}, bound_addresses {[fe80::1]:9300}, {[::1]:9300}, {127.0.0.1:9300}
[2016-11-24 11:30:55,062][INFO ][discovery                ] [Domina] elasticsearch/q1sj817MTPeGTghfBnRONw
[2016-11-24 11:30:58,114][INFO ][cluster.service          ] [Domina] new_master {Domina}{q1sj817MTPeGTghfBnRONw}{127.0.0.1}{127.0.0.1:9300}, reason: zen-disco-join(elected_as_master, [0] joins received)
[2016-11-24 11:30:58,143][INFO ][http                     ] [Domina] publish_address {127.0.0.1:9200}, bound_addresses {[fe80::1]:9200}, {[::1]:9200}, {127.0.0.1:9200}
[2016-11-24 11:30:58,143][INFO ][node                     ] [Domina] started
[2016-11-24 11:30:58,253][INFO ][gateway                  ] [Domina] recovered [2] indices into cluster_state
[2016-11-24 11:30:59,446][INFO ][cluster.routing.allocation] [Domina] Cluster health status changed from [RED] to [YELLOW] (reason: [shards started [[tweets][3]] ...]).
[2016-11-24 11:31:28,176][INFO ][cluster.routing.allocation.decider] [Domina] low disk watermark [85%] exceeded on [q1sj817MTPeGTghfBnRONw][Domina][/Applications/XAMPP/xamppfiles/htdocs/NewTwit/elasticsearch/data/elasticsearch/nodes/0] free: 15.3gb[13.6%], replicas will not be assigned to this node
[2016-11-24 11:31:58,211][INFO ][cluster.routing.allocation.decider] [Domina] low disk watermark [85%] exceeded on [q1sj817MTPeGTghfBnRONw][Domina][/Applications/XAMPP/xamppfiles/htdocs/NewTwit/elasticsearch/data/elasticsearch/nodes/0] free: 15.3gb[13.6%], replicas will not be assigned to this node
[2016-11-24 11:32:28,239][INFO ][cluster.routing.allocation.decider] [Domina] low disk watermark [85%] exceeded on [q1sj817MTPeGTghfBnRONw][Domina][/Applications/XAMPP/xamppfiles/htdocs/NewTwit/elasticsearch/data/elasticsearch/nodes/0] free: 15.2gb[13.6%], replicas will not be assigned to this node
[2016-11-24 11:32:58,270][INFO ][cluster.routing.allocation.decider] [Domina] low disk watermark [85%] exceeded on [q1sj817MTPeGTghfBnRONw][Domina][/Applications/XAMPP/xamppfiles/htdocs/NewTwit/elasticsearch/data/elasticsearch/nodes/0] free: 15.2gb[13.6%], replicas will not be assigned to this node
[2016-11-24 11:33:28,301][INFO ][cluster.routing.allocation.decider] [Domina] low disk watermark [85%] exceeded on [q1sj817MTPeGTghfBnRONw][Domina][/Applications/XAMPP/xamppfiles/htdocs/NewTwit/elasticsearch/data/elasticsearch/nodes/0] free: 15.2gb[13.6%], replicas will not be assigned to this node
[2016-11-24 11:33:58,327][INFO ][cluster.routing.allocation.decider] [Domina] low disk watermark [85%] exceeded on [q1sj817MTPeGTghfBnRONw][Domina][/Applications/XAMPP/xamppfiles/htdocs/NewTwit/elasticsearch/data/elasticsearch/nodes/0] free: 15.2gb[13.6%], replicas will not be assigned to this node
[2016-11-24 11:34:28,359][INFO ][cluster.routing.allocation.decider] [Domina] low disk watermark [85%] exceeded on [q1sj817MTPeGTghfBnRONw][Domina][/Applications/XAMPP/xamppfiles/htdocs/NewTwit/elasticsearch/data/elasticsearch/nodes/0] free: 15.2gb[13.6%], replicas will not be assigned to this node
[2016-11-24 11:34:58,393][INFO ][cluster.routing.allocation.decider] [Domina] low disk watermark [85%] exceeded on [q1sj817MTPeGTghfBnRONw][Domina][/Applications/XAMPP/xamppfiles/htdocs/NewTwit/elasticsearch/data/elasticsearch/nodes/0] free: 15.2gb[13.6%], replicas will not be assigned to this node
[2016-11-24 11:35:28,424][INFO ][cluster.routing.allocation.decider] [Domina] low disk watermark [85%] exceeded on [q1sj817MTPeGTghfBnRONw][Domina][/Applications/XAMPP/xamppfiles/htdocs/NewTwit/elasticsearch/data/elasticsearch/nodes/0] free: 15.2gb[13.6%], replicas will not be assigned to this node
[2016-11-24 11:35:58,455][INFO ][cluster.routing.allocation.decider] [Domina] low disk watermark [85%] exceeded on [q1sj817MTPeGTghfBnRONw][Domina][/Applications/XAMPP/xamppfiles/htdocs/NewTwit/elasticsearch/data/elasticsearch/nodes/0] free: 15.2gb[13.6%], replicas will not be assigned to this node
[2016-11-24 11:36:28,477][INFO ][cluster.routing.allocation.decider] [Domina] low disk watermark [85%] exceeded on [q1sj817MTPeGTghfBnRONw][Domina][/Applications/XAMPP/xamppfiles/htdocs/NewTwit/elasticsearch/data/elasticsearch/nodes/0] free: 15.2gb[13.6%], replicas will not be assigned to this node
[2016-11-24 11:36:58,505][INFO ][cluster.routing.allocation.decider] [Domina] low disk watermark [85%] exceeded on [q1sj817MTPeGTghfBnRONw][Domina][/Applications/XAMPP/xamppfiles/htdocs/NewTwit/elasticsearch/data/elasticsearch/nodes/0] free: 15.2gb[13.6%], replicas will not be assigned to this node
[2016-11-24 11:37:28,536][INFO ][cluster.routing.allocation.decider] [Domina] low disk watermark [85%] exceeded on [q1sj817MTPeGTghfBnRONw][Domina][/Applications/XAMPP/xamppfiles/htdocs/NewTwit/elasticsearch/data/elasticsearch/nodes/0] free: 15.2gb[13.6%], replicas will not be assigned to this node
[2016-11-24 11:37:58,570][INFO ][cluster.routing.allocation.decider] [Domina] low disk watermark [85%] exceeded on [q1sj817MTPeGTghfBnRONw][Domina][/Applications/XAMPP/xamppfiles/htdocs/NewTwit/elasticsearch/data/elasticsearch/nodes/0] free: 15.2gb[13.6%], replicas will not be assigned to this node
[2016-11-24 11:38:28,604][INFO ][cluster.routing.allocation.decider] [Domina] low disk watermark [85%] exceeded on [q1sj817MTPeGTghfBnRONw][Domina][/Applications/XAMPP/xamppfiles/htdocs/NewTwit/elasticsearch/data/elasticsearch/nodes/0] free: 15.2gb[13.6%], replicas will not be assigned to this node
[2016-11-24 11:38:58,631][INFO ][cluster.routing.allocation.decider] [Domina] low disk watermark [85%] exceeded on [q1sj817MTPeGTghfBnRONw][Domina][/Applications/XAMPP/xamppfiles/htdocs/NewTwit/elasticsearch/data/elasticsearch/nodes/0] free: 15.2gb[13.6%], replicas will not be assigned to this node
[2016-11-24 11:39:28,662][INFO ][cluster.routing.allocation.decider] [Domina] low disk watermark [85%] exceeded on [q1sj817MTPeGTghfBnRONw][Domina][/Applications/XAMPP/xamppfiles/htdocs/NewTwit/elasticsearch/data/elasticsearch/nodes/0] free: 15.2gb[13.6%], replicas will not be assigned to this node
[2016-11-24 11:39:58,691][INFO ][cluster.routing.allocation.decider] [Domina] low disk watermark [85%] exceeded on [q1sj817MTPeGTghfBnRONw][Domina][/Applications/XAMPP/xamppfiles/htdocs/NewTwit/elasticsearch/data/elasticsearch/nodes/0] free: 15.2gb[13.6%], replicas will not be assigned to this node
[2016-11-24 11:40:28,714][INFO ][cluster.routing.allocation.decider] [Domina] low disk watermark [85%] exceeded on [q1sj817MTPeGTghfBnRONw][Domina][/Applications/XAMPP/xamppfiles/htdocs/NewTwit/elasticsearch/data/elasticsearch/nodes/0] free: 15.2gb[13.6%], replicas will not be assigned to this node
[2016-11-24 11:40:58,743][INFO ][cluster.routing.allocation.decider] [Domina] low disk watermark [85%] exceeded on [q1sj817MTPeGTghfBnRONw][Domina][/Applications/XAMPP/xamppfiles/htdocs/NewTwit/elasticsearch/data/elasticsearch/nodes/0] free: 15.2gb[13.6%], replicas will not be assigned to this node
[2016-11-24 11:41:28,788][INFO ][cluster.routing.allocation.decider] [Domina] low disk watermark [85%] exceeded on [q1sj817MTPeGTghfBnRONw][Domina][/Applications/XAMPP/xamppfiles/htdocs/NewTwit/elasticsearch/data/elasticsearch/nodes/0] free: 15.2gb[13.6%], replicas will not be assigned to this node
[2016-11-24 11:41:58,821][INFO ][cluster.routing.allocation.decider] [Domina] low disk watermark [85%] exceeded on [q1sj817MTPeGTghfBnRONw][Domina][/Applications/XAMPP/xamppfiles/htdocs/NewTwit/elasticsearch/data/elasticsearch/nodes/0] free: 15.2gb[13.6%], replicas will not be assigned to this node
[2016-11-24 11:42:28,851][INFO ][cluster.routing.allocation.decider] [Domina] low disk watermark [85%] exceeded on [q1sj817MTPeGTghfBnRONw][Domina][/Applications/XAMPP/xamppfiles/htdocs/NewTwit/elasticsearch/data/elasticsearch/nodes/0] free: 15.2gb[13.6%], replicas will not be assigned to this node
[2016-11-24 11:42:58,878][INFO ][cluster.routing.allocation.decider] [Domina] low disk watermark [85%] exceeded on [q1sj817MTPeGTghfBnRONw][Domina][/Applications/XAMPP/xamppfiles/htdocs/NewTwit/elasticsearch/data/elasticsearch/nodes/0] free: 15.2gb[13.6%], replicas will not be assigned to this node
[2016-11-24 11:43:28,903][INFO ][cluster.routing.allocation.decider] [Domina] low disk watermark [85%] exceeded on [q1sj817MTPeGTghfBnRONw][Domina][/Applications/XAMPP/xamppfiles/htdocs/NewTwit/elasticsearch/data/elasticsearch/nodes/0] free: 15.2gb[13.6%], replicas will not be assigned to this node
[2016-11-24 11:43:58,930][INFO ][cluster.routing.allocation.decider] [Domina] low disk watermark [85%] exceeded on [q1sj817MTPeGTghfBnRONw][Domina][/Applications/XAMPP/xamppfiles/htdocs/NewTwit/elasticsearch/data/elasticsearch/nodes/0] free: 15.2gb[13.6%], replicas will not be assigned to this node
[2016-11-24 11:44:28,959][INFO ][cluster.routing.allocation.decider] [Domina] low disk watermark [85%] exceeded on [q1sj817MTPeGTghfBnRONw][Domina][/Applications/XAMPP/xamppfiles/htdocs/NewTwit/elasticsearch/data/elasticsearch/nodes/0] free: 15.2gb[13.6%], replicas will not be assigned to this node
[2016-11-24 11:44:58,982][INFO ][cluster.routing.allocation.decider] [Domina] low disk watermark [85%] exceeded on [q1sj817MTPeGTghfBnRONw][Domina][/Applications/XAMPP/xamppfiles/htdocs/NewTwit/elasticsearch/data/elasticsearch/nodes/0] free: 15.2gb[13.6%], replicas will not be assigned to this node
[2016-11-24 11:45:29,011][INFO ][cluster.routing.allocation.decider] [Domina] low disk watermark [85%] exceeded on [q1sj817MTPeGTghfBnRONw][Domina][/Applications/XAMPP/xamppfiles/htdocs/NewTwit/elasticsearch/data/elasticsearch/nodes/0] free: 15.2gb[13.6%], replicas will not be assigned to this node
[2016-11-24 11:45:59,050][INFO ][cluster.routing.allocation.decider] [Domina] low disk watermark [85%] exceeded on [q1sj817MTPeGTghfBnRONw][Domina][/Applications/XAMPP/xamppfiles/htdocs/NewTwit/elasticsearch/data/elasticsearch/nodes/0] free: 15.2gb[13.6%], replicas will not be assigned to this node
[2016-11-24 11:46:29,078][INFO ][cluster.routing.allocation.decider] [Domina] low disk watermark [85%] exceeded on [q1sj817MTPeGTghfBnRONw][Domina][/Applications/XAMPP/xamppfiles/htdocs/NewTwit/elasticsearch/data/elasticsearch/nodes/0] free: 15.2gb[13.6%], replicas will not be assigned to this node
[2016-11-24 11:46:59,111][INFO ][cluster.routing.allocation.decider] [Domina] low disk watermark [85%] exceeded on [q1sj817MTPeGTghfBnRONw][Domina][/Applications/XAMPP/xamppfiles/htdocs/NewTwit/elasticsearch/data/elasticsearch/nodes/0] free: 15.2gb[13.6%], replicas will not be assigned to this node
[2016-11-24 11:47:29,142][INFO ][cluster.routing.allocation.decider] [Domina] low disk watermark [85%] exceeded on [q1sj817MTPeGTghfBnRONw][Domina][/Applications/XAMPP/xamppfiles/htdocs/NewTwit/elasticsearch/data/elasticsearch/nodes/0] free: 15.2gb[13.6%], replicas will not be assigned to this node
[2016-11-24 11:47:59,170][INFO ][cluster.routing.allocation.decider] [Domina] low disk watermark [85%] exceeded on [q1sj817MTPeGTghfBnRONw][Domina][/Applications/XAMPP/xamppfiles/htdocs/NewTwit/elasticsearch/data/elasticsearch/nodes/0] free: 15.2gb[13.6%], replicas will not be assigned to this node
[2016-11-24 11:48:29,196][INFO ][cluster.routing.allocation.decider] [Domina] low disk watermark [85%] exceeded on [q1sj817MTPeGTghfBnRONw][Domina][/Applications/XAMPP/xamppfiles/htdocs/NewTwit/elasticsearch/data/elasticsearch/nodes/0] free: 15.2gb[13.6%], replicas will not be assigned to this node
[2016-11-24 11:48:59,224][INFO ][cluster.routing.allocation.decider] [Domina] low disk watermark [85%] exceeded on [q1sj817MTPeGTghfBnRONw][Domina][/Applications/XAMPP/xamppfiles/htdocs/NewTwit/elasticsearch/data/elasticsearch/nodes/0] free: 15.2gb[13.6%], replicas will not be assigned to this node
[2016-11-24 11:49:29,251][INFO ][cluster.routing.allocation.decider] [Domina] low disk watermark [85%] exceeded on [q1sj817MTPeGTghfBnRONw][Domina][/Applications/XAMPP/xamppfiles/htdocs/NewTwit/elasticsearch/data/elasticsearch/nodes/0] free: 15.2gb[13.6%], replicas will not be assigned to this node
[2016-11-24 11:49:59,276][INFO ][cluster.routing.allocation.decider] [Domina] low disk watermark [85%] exceeded on [q1sj817MTPeGTghfBnRONw][Domina][/Applications/XAMPP/xamppfiles/htdocs/NewTwit/elasticsearch/data/elasticsearch/nodes/0] free: 15.2gb[13.5%], replicas will not be assigned to this node
[2016-11-24 11:50:29,305][INFO ][cluster.routing.allocation.decider] [Domina] low disk watermark [85%] exceeded on [q1sj817MTPeGTghfBnRONw][Domina][/Applications/XAMPP/xamppfiles/htdocs/NewTwit/elasticsearch/data/elasticsearch/nodes/0] free: 15.2gb[13.5%], replicas will not be assigned to this node
[2016-11-24 11:50:59,330][INFO ][cluster.routing.allocation.decider] [Domina] low disk watermark [85%] exceeded on [q1sj817MTPeGTghfBnRONw][Domina][/Applications/XAMPP/xamppfiles/htdocs/NewTwit/elasticsearch/data/elasticsearch/nodes/0] free: 15.2gb[13.5%], replicas will not be assigned to this node
[2016-11-24 11:51:29,360][INFO ][cluster.routing.allocation.decider] [Domina] low disk watermark [85%] exceeded on [q1sj817MTPeGTghfBnRONw][Domina][/Applications/XAMPP/xamppfiles/htdocs/NewTwit/elasticsearch/data/elasticsearch/nodes/0] free: 15.2gb[13.5%], replicas will not be assigned to this node
[2016-11-24 11:51:59,387][INFO ][cluster.routing.allocation.decider] [Domina] low disk watermark [85%] exceeded on [q1sj817MTPeGTghfBnRONw][Domina][/Applications/XAMPP/xamppfiles/htdocs/NewTwit/elasticsearch/data/elasticsearch/nodes/0] free: 15.2gb[13.5%], replicas will not be assigned to this node
[2016-11-24 11:52:29,417][INFO ][cluster.routing.allocation.decider] [Domina] low disk watermark [85%] exceeded on [q1sj817MTPeGTghfBnRONw][Domina][/Applications/XAMPP/xamppfiles/htdocs/NewTwit/elasticsearch/data/elasticsearch/nodes/0] free: 15.2gb[13.5%], replicas will not be assigned to this node
[2016-11-24 11:52:59,444][INFO ][cluster.routing.allocation.decider] [Domina] low disk watermark [85%] exceeded on [q1sj817MTPeGTghfBnRONw][Domina][/Applications/XAMPP/xamppfiles/htdocs/NewTwit/elasticsearch/data/elasticsearch/nodes/0] free: 15.2gb[13.5%], replicas will not be assigned to this node
[2016-11-24 11:53:29,477][INFO ][cluster.routing.allocation.decider] [Domina] low disk watermark [85%] exceeded on [q1sj817MTPeGTghfBnRONw][Domina][/Applications/XAMPP/xamppfiles/htdocs/NewTwit/elasticsearch/data/elasticsearch/nodes/0] free: 15.2gb[13.5%], replicas will not be assigned to this node
[2016-11-24 11:53:30,886][INFO ][node                     ] [Domina] stopping ...
[2016-11-24 11:53:31,041][INFO ][node                     ] [Domina] stopped
[2016-11-24 11:53:31,042][INFO ][node                     ] [Domina] closing ...
[2016-11-24 11:53:31,055][INFO ][node                     ] [Domina] closed
